<?xml version="1.0" encoding="UTF-8"?>
<testsuite name="com.fileupload.test.FileUploadTests" time="0.974" tests="1" errors="1" skipped="0" failures="0">
  <properties>
[...]
</properties>
  <testcase name="uploadFile" classname="com.fileupload.test.FileUploadTests" time="0.974">
    <error message="org.springframework.mock.web.MockMultipartFile cannot be cast to org.springframework.test.web.servlet.RequestBuilder" type="java.lang.ClassCastException">java.lang.ClassCastException: org.springframework.mock.web.MockMultipartFile cannot be cast to org.springframework.test.web.servlet.RequestBuilder
	at com.fileupload.test.FileUploadTests.uploadFile(FileUploadTests.java:36)
</error>
    <system-out><![CDATA[13:58:54,605 |-INFO in ch.qos.logback.classic.LoggerContext[default] - Could NOT find resource [logback.groovy]
13:58:54,605 |-INFO in ch.qos.logback.classic.LoggerContext[default] - Could NOT find resource [logback-test.xml]
13:58:54,605 |-INFO in ch.qos.logback.classic.LoggerContext[default] - Found resource [logback.xml] at [file:/C:/workspace/practice/springbootfileupload/target/classes/logback.xml]
13:58:54,667 |-INFO in ch.qos.logback.classic.joran.action.ConfigurationAction - debug attribute not set
13:58:54,683 |-INFO in ch.qos.logback.core.joran.action.AppenderAction - About to instantiate appender of type [ch.qos.logback.core.ConsoleAppender]
13:58:54,689 |-INFO in ch.qos.logback.core.joran.action.AppenderAction - Naming appender as [STDOUT]
13:58:54,739 |-WARN in ch.qos.logback.core.ConsoleAppender[STDOUT] - This appender no longer admits a layout as a sub-component, set an encoder instead.
13:58:54,739 |-WARN in ch.qos.logback.core.ConsoleAppender[STDOUT] - To ensure compatibility, wrapping your layout in LayoutWrappingEncoder.
13:58:54,739 |-WARN in ch.qos.logback.core.ConsoleAppender[STDOUT] - See also http://logback.qos.ch/codes.html#layoutInsteadOfEncoder for details
13:58:54,741 |-INFO in ch.qos.logback.classic.joran.action.LoggerAction - Setting level of logger [org.springframework.web] to ERROR
13:58:54,741 |-INFO in ch.qos.logback.classic.joran.action.LoggerAction - Setting additivity of logger [org.springframework.web] to false
13:58:54,741 |-INFO in ch.qos.logback.core.joran.action.AppenderRefAction - Attaching appender named [STDOUT] to Logger[org.springframework.web]
13:58:54,741 |-INFO in ch.qos.logback.classic.joran.action.LoggerAction - Setting level of logger [com.mkyong] to DEBUG
13:58:54,741 |-INFO in ch.qos.logback.classic.joran.action.LoggerAction - Setting additivity of logger [com.mkyong] to false
13:58:54,741 |-INFO in ch.qos.logback.core.joran.action.AppenderRefAction - Attaching appender named [STDOUT] to Logger[com.mkyong]
13:58:54,741 |-INFO in ch.qos.logback.classic.joran.action.RootLoggerAction - Setting level of ROOT logger to ERROR
13:58:54,741 |-INFO in ch.qos.logback.core.joran.action.AppenderRefAction - Attaching appender named [STDOUT] to Logger[ROOT]
13:58:54,741 |-INFO in ch.qos.logback.classic.joran.action.ConfigurationAction - End of configuration.
13:58:54,742 |-INFO in ch.qos.logback.classic.joran.JoranConfigurator@53b32d7 - Registering current configuration as safe fallback point

]]></system-out>
  </testcase>
</testsuite>